<html>
<body>
<pre>
<h1>µVision Build Log</h1>
<h2>Project:</h2>
C:\MJBC\Internal\Freescale\Kinetis\workspace\uTaskerSerialBoot\Applications\uTaskerSerialBoot\uVision_Kinetis\uTaskerSerialBoot.uvproj
Project File Date:  01/19/2011

<h2>Output:</h2>
Build target 'Target 1'
assembling startup_MK60N512MD100.s...
linking...
uTaskerSerialBoot.axf: Warning: L6665W: Neither Lib$$Request$$armlib Lib$$Request$$cpplib defined, not searching ARM libraries.
uTaskerSerialBoot.axf: Error: L6411E: No compatible library exists with a definition of startup symbol __main.
Target not created
Build target 'Target 1'
compiling kinetis.c...
..\..\..\Hardware\Kinetis\kinetis.c(32): error:  #5: cannot open source input file "config.h": No such file or directory
Target not created
Build target 'Target 1'
compiling kinetis.c...
..\TaskConfig.h(117): error:  #20: identifier "OUR_HEAP_SIZE" is undefined
..\TaskConfig.h(203): error:  #20: identifier "TICK_RESOLUTION" is undefined
..\..\..\Hardware\Kinetis\kinetis.c(34): warning:  #951-D: return type of function "main" must be "int"
Target not created
Build target 'Target 1'
compiling kinetis.c...
..\..\..\Hardware\Kinetis\kinetis.c(34): warning:  #951-D: return type of function "main" must be "int"
..\..\..\Hardware\Kinetis\kinetis.c(265): error:  #147: declaration is incompatible with "void main(void)" (declared at line 34)
..\..\..\Hardware\Kinetis\kinetis.c(328): warning:  #111-D: statement is unreachable
..\..\..\Hardware\Kinetis\kinetis.c(335): error:  #247: function "main" has already been defined
..\..\..\Hardware\Kinetis\kinetis.c(337): warning:  #223-D: function "_main" declared implicitly
..\..\..\Hardware\Kinetis\kinetis.c(2027): warning:  #177-D: variable "uart_reg" was declared but never referenced
..\..\..\Hardware\Kinetis\kinetis.c(2055): warning:  #177-D: variable "uart_reg" was declared but never referenced
..\..\..\Hardware\Kinetis\kinetis.c(2063): warning:  #177-D: variable "uart_reg" was declared but never referenced
..\..\..\Hardware\Kinetis\kinetis.c(2091): warning:  #177-D: variable "uart_reg" was declared but never referenced
..\..\..\Hardware\Kinetis\kinetis.c(2108): warning:  #177-D: variable "uart_reg" was declared but never referenced
..\..\..\Hardware\Kinetis\kinetis.c(3094): error:  #20: identifier "VECTOR_TABLE_MINIMUM" is undefined
error type>(2747): warning:  #550-D: variable "gpio_handlers_B" was set but never used
..\..\..\Hardware\Kinetis\kinetis.c(2748): warning:  #550-D: variable "gpio_handlers_C" was set but never used
..\..\..\Hardware\Kinetis\kinetis.c(2749): warning:  #550-D: variable "gpio_handlers_D" was set but never used
..\..\..\Hardware\Kinetis\kinetis.c(2750): warning:  #550-D: variable "gpio_handlers_E" was set but never used
Target not created
Build target 'Target 1'
compiling kinetis.c...
..\..\..\Hardware\Kinetis\kinetis.c(328): warning:  #111-D: statement is unreachable
..\..\..\Hardware\Kinetis\kinetis.c(335): error:  #247: function "main" has already been defined
..\..\..\Hardware\Kinetis\kinetis.c(337): warning:  #223-D: function "_main" declared implicitly
..\..\..\Hardware\Kinetis\kinetis.c(2027): warning:  #177-D: variable "uart_reg" was declared but never referenced
..\..\..\Hardware\Kinetis\kinetis.c(2055): warning:  #177-D: variable "uart_reg" was declared but never referenced
..\..\..\Hardware\Kinetis\kinetis.c(2063): warning:  #177-D: variable "uart_reg" was declared but never referenced
..\..\..\Hardware\Kinetis\kinetis.c(2091): warning:  #177-D: variable "uart_reg" was declared but never referenced
..\..\..\Hardware\Kinetis\kinetis.c(2108): warning:  #177-D: variable "uart_reg" was declared but never referenced
..\..\..\Hardware\Kinetis\kinetis.c(3094): error:  #20: identifier "VECTOR_TABLE_MINIMUM" is undefined
error type>(2747): warning:  #550-D: variable "gpio_handlers_B" was set but never used
..\..\..\Hardware\Kinetis\kinetis.c(2748): warning:  #550-D: variable "gpio_handlers_C" was set but never used
..\..\..\Hardware\Kinetis\kinetis.c(2749): warning:  #550-D: variable "gpio_handlers_D" was set but never used
..\..\..\Hardware\Kinetis\kinetis.c(2750): warning:  #550-D: variable "gpio_handlers_E" was set but never used
Target not created
Build target 'Target 1'
compiling kinetis.c...
..\..\..\Hardware\Kinetis\kinetis.c(328): warning:  #111-D: statement is unreachable
..\..\..\Hardware\Kinetis\kinetis.c(335): error:  #247: function "main" has already been defined
..\..\..\Hardware\Kinetis\kinetis.c(337): warning:  #223-D: function "_main" declared implicitly
..\..\..\Hardware\Kinetis\kinetis.c(2027): warning:  #177-D: variable "uart_reg" was declared but never referenced
..\..\..\Hardware\Kinetis\kinetis.c(2055): warning:  #177-D: variable "uart_reg" was declared but never referenced
..\..\..\Hardware\Kinetis\kinetis.c(2063): warning:  #177-D: variable "uart_reg" was declared but never referenced
..\..\..\Hardware\Kinetis\kinetis.c(2091): warning:  #177-D: variable "uart_reg" was declared but never referenced
..\..\..\Hardware\Kinetis\kinetis.c(2108): warning:  #177-D: variable "uart_reg" was declared but never referenced
..\..\..\Hardware\Kinetis\kinetis.c(3094): error:  #20: identifier "VECTOR_TABLE_MINIMUM" is undefined
error type>(2747): warning:  #550-D: variable "gpio_handlers_B" was set but never used
..\..\..\Hardware\Kinetis\kinetis.c(2748): warning:  #550-D: variable "gpio_handlers_C" was set but never used
..\..\..\Hardware\Kinetis\kinetis.c(2749): warning:  #550-D: variable "gpio_handlers_D" was set but never used
..\..\..\Hardware\Kinetis\kinetis.c(2750): warning:  #550-D: variable "gpio_handlers_E" was set but never used
Target not created
Build target 'Target 1'
compiling kinetis.c...
..\..\..\Hardware\Kinetis\kinetis.c(328): warning:  #111-D: statement is unreachable
..\..\..\Hardware\Kinetis\kinetis.c(335): error:  #247: function "main" has already been defined
..\..\..\Hardware\Kinetis\kinetis.c(2027): warning:  #177-D: variable "uart_reg" was declared but never referenced
..\..\..\Hardware\Kinetis\kinetis.c(2055): warning:  #177-D: variable "uart_reg" was declared but never referenced
..\..\..\Hardware\Kinetis\kinetis.c(2063): warning:  #177-D: variable "uart_reg" was declared but never referenced
..\..\..\Hardware\Kinetis\kinetis.c(2091): warning:  #177-D: variable "uart_reg" was declared but never referenced
..\..\..\Hardware\Kinetis\kinetis.c(2108): warning:  #177-D: variable "uart_reg" was declared but never referenced
..\..\..\Hardware\Kinetis\kinetis.c(3094): error:  #20: identifier "VECTOR_TABLE_MINIMUM" is undefined
error type>(2747): warning:  #550-D: variable "gpio_handlers_B" was set but never used
..\..\..\Hardware\Kinetis\kinetis.c(2748): warning:  #550-D: variable "gpio_handlers_C" was set but never used
..\..\..\Hardware\Kinetis\kinetis.c(2749): warning:  #550-D: variable "gpio_handlers_D" was set but never used
..\..\..\Hardware\Kinetis\kinetis.c(2750): warning:  #550-D: variable "gpio_handlers_E" was set but never used
Target not created
Build target 'Target 1'
compiling kinetis.c...
..\..\..\Hardware\Kinetis\kinetis.c(328): warning:  #111-D: statement is unreachable
..\..\..\Hardware\Kinetis\kinetis.c(2027): warning:  #177-D: variable "uart_reg" was declared but never referenced
..\..\..\Hardware\Kinetis\kinetis.c(2055): warning:  #177-D: variable "uart_reg" was declared but never referenced
..\..\..\Hardware\Kinetis\kinetis.c(2063): warning:  #177-D: variable "uart_reg" was declared but never referenced
..\..\..\Hardware\Kinetis\kinetis.c(2091): warning:  #177-D: variable "uart_reg" was declared but never referenced
..\..\..\Hardware\Kinetis\kinetis.c(2108): warning:  #177-D: variable "uart_reg" was declared but never referenced
..\..\..\Hardware\Kinetis\kinetis.c(3094): error:  #20: identifier "VECTOR_TABLE_MINIMUM" is undefined
error type>(2747): warning:  #550-D: variable "gpio_handlers_B" was set but never used
..\..\..\Hardware\Kinetis\kinetis.c(2748): warning:  #550-D: variable "gpio_handlers_C" was set but never used
..\..\..\Hardware\Kinetis\kinetis.c(2749): warning:  #550-D: variable "gpio_handlers_D" was set but never used
..\..\..\Hardware\Kinetis\kinetis.c(2750): warning:  #550-D: variable "gpio_handlers_E" was set but never used
Target not created
Build target 'Target 1'
compiling kinetis.c...
..\..\..\Hardware\Kinetis\kinetis.c(328): warning:  #111-D: statement is unreachable
..\..\..\Hardware\Kinetis\kinetis.c(2027): warning:  #177-D: variable "uart_reg" was declared but never referenced
..\..\..\Hardware\Kinetis\kinetis.c(2055): warning:  #177-D: variable "uart_reg" was declared but never referenced
..\..\..\Hardware\Kinetis\kinetis.c(2063): warning:  #177-D: variable "uart_reg" was declared but never referenced
..\..\..\Hardware\Kinetis\kinetis.c(2091): warning:  #177-D: variable "uart_reg" was declared but never referenced
..\..\..\Hardware\Kinetis\kinetis.c(2108): warning:  #177-D: variable "uart_reg" was declared but never referenced
..\..\..\Hardware\Kinetis\kinetis.c(2747): warning:  #550-D: variable "gpio_handlers_B" was set but never used
..\..\..\Hardware\Kinetis\kinetis.c(2748): warning:  #550-D: variable "gpio_handlers_C" was set but never used
..\..\..\Hardware\Kinetis\kinetis.c(2749): warning:  #550-D: variable "gpio_handlers_D" was set but never used
..\..\..\Hardware\Kinetis\kinetis.c(2750): warning:  #550-D: variable "gpio_handlers_E" was set but never used
linking...
uTaskerSerialBoot.axf: Error: L6218E: Undefined symbol SystemInit (referred from startup_mk60n512md100.o).
uTaskerSerialBoot.axf: Error: L6218E: Undefined symbol JumpTable (referred from kinetis.o).
uTaskerSerialBoot.axf: Error: L6218E: Undefined symbol fnApplication (referred from kinetis.o).
uTaskerSerialBoot.axf: Error: L6218E: Undefined symbol fnDHCP (referred from kinetis.o).
uTaskerSerialBoot.axf: Error: L6218E: Undefined symbol fnDNS (referred from kinetis.o).
uTaskerSerialBoot.axf: Error: L6218E: Undefined symbol fnIncrementEthernetStats (referred from kinetis.o).
uTaskerSerialBoot.axf: Error: L6218E: Undefined symbol fnInitialiseHeap (referred from kinetis.o).
uTaskerSerialBoot.axf: Error: L6218E: Undefined symbol fnLCD (referred from kinetis.o).
uTaskerSerialBoot.axf: Error: L6218E: Undefined symbol fnMassStorage (referred from kinetis.o).
uTaskerSerialBoot.axf: Error: L6218E: Undefined symbol fnRandom (referred from kinetis.o).
uTaskerSerialBoot.axf: Error: L6218E: Undefined symbol fnRtmkSystemTick (referred from kinetis.o).
uTaskerSerialBoot.axf: Error: L6218E: Undefined symbol fnTaskArp (referred from kinetis.o).
uTaskerSerialBoot.axf: Error: L6218E: Undefined symbol fnTaskEthernet (referred from kinetis.o).
uTaskerSerialBoot.axf: Error: L6218E: Undefined symbol fnTaskTCP (referred from kinetis.o).
uTaskerSerialBoot.axf: Error: L6218E: Undefined symbol fnTaskWatchdog (referred from kinetis.o).
uTaskerSerialBoot.axf: Error: L6218E: Undefined symbol fnUserHWInit (referred from kinetis.o).
uTaskerSerialBoot.axf: Error: L6218E: Undefined symbol fnWrite (referred from kinetis.o).
uTaskerSerialBoot.axf: Error: L6218E: Undefined symbol ptMultiStartTable (referred from kinetis.o).
uTaskerSerialBoot.axf: Error: L6218E: Undefined symbol uMallocAlign (referred from kinetis.o).
uTaskerSerialBoot.axf: Error: L6218E: Undefined symbol uMemcpy (referred from kinetis.o).
uTaskerSerialBoot.axf: Error: L6218E: Undefined symbol uMemset (referred from kinetis.o).
uTaskerSerialBoot.axf: Error: L6218E: Undefined symbol uTaskerSchedule (referred from kinetis.o).
uTaskerSerialBoot.axf: Error: L6218E: Undefined symbol uTaskerStart (referred from kinetis.o).
Target not created
Build target 'Target 1'
compiling can_drv.c...
compiling Driver.c...
compiling eth_drv.c...
compiling GlobalTimer.c...
compiling iic_drv.c...
compiling low_power.c...
compiling SSC_drv.c...
compiling Tty_drv.c...
compiling uFile.c...
compiling uMalloc.c...
compiling uNetwork.c...
compiling USB_drv.c...
compiling uTasker.c...
compiling Watchdog.c...
linking...
uTaskerSerialBoot.axf: Error: L6218E: Undefined symbol SystemInit (referred from startup_mk60n512md100.o).
uTaskerSerialBoot.axf: Error: L6218E: Undefined symbol fnNetworkTx (referred from driver.o).
uTaskerSerialBoot.axf: Error: L6218E: Undefined symbol uStrEquiv (referred from ufile.o).
uTaskerSerialBoot.axf: Error: L6218E: Undefined symbol fnApplication (referred from kinetis.o).
uTaskerSerialBoot.axf: Error: L6218E: Undefined symbol fnDHCP (referred from kinetis.o).
uTaskerSerialBoot.axf: Error: L6218E: Undefined symbol fnDNS (referred from kinetis.o).
uTaskerSerialBoot.axf: Error: L6218E: Undefined symbol fnIncrementEthernetStats (referred from kinetis.o).
uTaskerSerialBoot.axf: Error: L6218E: Undefined symbol fnLCD (referred from kinetis.o).
uTaskerSerialBoot.axf: Error: L6218E: Undefined symbol fnMassStorage (referred from kinetis.o).
uTaskerSerialBoot.axf: Error: L6218E: Undefined symbol fnTaskArp (referred from kinetis.o).
uTaskerSerialBoot.axf: Error: L6218E: Undefined symbol fnTaskEthernet (referred from kinetis.o).
uTaskerSerialBoot.axf: Error: L6218E: Undefined symbol fnTaskTCP (referred from kinetis.o).
uTaskerSerialBoot.axf: Error: L6218E: Undefined symbol fnUserHWInit (referred from kinetis.o).
Target not created
Build target 'Target 1'
compiling arp.c...
compiling dhcp.c...
compiling dns.c...
compiling Ethernet.c...
compiling ftp.c...
..\..\..\stack\ftp.c(584): warning:  #111-D: statement is unreachable
compiling http.c...
..\..\..\stack\http.c(967): warning:  #546-D: transfer of control bypasses initialization of:
compiling icmp.c...
compiling ip.c...
..\..\..\stack\ip.c(275): warning:  #1293-D: assignment in condition
compiling ip_utils.c...
compiling NetBIOS.c...
compiling pop3.c...
compiling ppp.c...
compiling smtp.c...
compiling snmp.c...
compiling tcp.c...
compiling telnet.c...
compiling tftp.c...
compiling udp.c...
compiling webutils.c...
linking...
uTaskerSerialBoot.axf: Error: L6218E: Undefined symbol SystemInit (referred from startup_mk60n512md100.o).
uTaskerSerialBoot.axf: Error: L6218E: Undefined symbol fnNetworkTx (referred from driver.o).
uTaskerSerialBoot.axf: Error: L6218E: Undefined symbol network (referred from arp.o).
uTaskerSerialBoot.axf: Error: L6218E: Undefined symbol fnGetEthernetPars (referred from ethernet.o).
uTaskerSerialBoot.axf: Error: L6218E: Undefined symbol uOpenManagedFile (referred from ftp.o).
uTaskerSerialBoot.axf: Error: L6218E: Undefined symbol parameters (referred from webutils.o).
uTaskerSerialBoot.axf: Error: L6218E: Undefined symbol fnApplication (referred from kinetis.o).
uTaskerSerialBoot.axf: Error: L6218E: Undefined symbol fnLCD (referred from kinetis.o).
uTaskerSerialBoot.axf: Error: L6218E: Undefined symbol fnMassStorage (referred from kinetis.o).
uTaskerSerialBoot.axf: Error: L6218E: Undefined symbol fnUserHWInit (referred from kinetis.o).
Target not created
Build target 'Target 1'
compiling application.c...
compiling debug.c...
compiling KeyScan.c...
compiling modbus_app.c...
compiling NetworkIndicator.c...
compiling usb_application.c...
compiling webInterface.c...
linking...
uTaskerSerialBoot.axf: Error: L6218E: Undefined symbol SystemInit (referred from startup_mk60n512md100.o).
uTaskerSerialBoot.axf: Error: L6218E: Undefined symbol uOpenManagedFile (referred from ftp.o).
uTaskerSerialBoot.axf: Error: L6218E: Undefined symbol fnDoLCD_line (referred from application.o).
uTaskerSerialBoot.axf: Error: L6218E: Undefined symbol fnDoLCD_pic (referred from application.o).
uTaskerSerialBoot.axf: Error: L6218E: Undefined symbol fnDoLCD_rect (referred from application.o).
uTaskerSerialBoot.axf: Error: L6218E: Undefined symbol fnDoLCD_scroll (referred from application.o).
uTaskerSerialBoot.axf: Error: L6218E: Undefined symbol fnDoLCD_text (referred from application.o).
uTaskerSerialBoot.axf: Error: L6218E: Undefined symbol fnDisplayBitmap (referred from webinterface.o).
uTaskerSerialBoot.axf: Error: L6218E: Undefined symbol iGetPixelState (referred from webinterface.o).
uTaskerSerialBoot.axf: Error: L6218E: Undefined symbol fnLCD (referred from kinetis.o).
uTaskerSerialBoot.axf: Error: L6218E: Undefined symbol fnMassStorage (referred from kinetis.o).
Target not created
Build target 'Target 1'
compiling mass_storage.c...
compiling MODBUS.c...
compiling GLCD.c...
compiling LCD.c...
linking...
uTaskerSerialBoot.axf: Error: L6218E: Undefined symbol SystemInit (referred from startup_mk60n512md100.o).
Target not created
Build target 'Target 1'
assembling startup_MK60N512MD100.s...
startup_MK60N512MD100.s(343): error: A1137E: Unexpected characters at end of line
startup_MK60N512MD100.s:   343 00000000               //IMPORT  SystemInit
startup_MK60N512MD100.s:                              ^
startup_MK60N512MD100.s(345): error: A1137E: Unexpected characters at end of line
startup_MK60N512MD100.s:   345 00000000               //LDR     R0, =SystemInit
startup_MK60N512MD100.s:                              ^
startup_MK60N512MD100.s(346): error: A1137E: Unexpected characters at end of line
startup_MK60N512MD100.s:   346 00000000               //BLX     R0
startup_MK60N512MD100.s:                              ^
startup_MK60N512MD100.s: 3 Errors, 0 Warnings
Target not created
Build target 'Target 1'
assembling startup_MK60N512MD100.s...
linking...
uTaskerSerialBoot.axf: error: L6050U: The code size of this image (45012 bytes) exceeds the maximum allowed for this version of the linker.
Target not created
Build target 'Target 1'
compiling can_drv.c...
compiling Driver.c...
compiling eth_drv.c...
compiling GlobalTimer.c...
compiling iic_drv.c...
compiling low_power.c...
compiling SSC_drv.c...
compiling Tty_drv.c...
compiling uFile.c...
compiling uMalloc.c...
compiling uNetwork.c...
compiling USB_drv.c...
compiling uTasker.c...
compiling Watchdog.c...
compiling arp.c...
compiling dhcp.c...
compiling dns.c...
compiling Ethernet.c...
compiling ftp.c...
compiling http.c...
compiling icmp.c...
compiling ip.c...
compiling ip_utils.c...
compiling NetBIOS.c...
compiling pop3.c...
compiling ppp.c...
compiling smtp.c...
compiling snmp.c...
compiling tcp.c...
compiling telnet.c...
compiling tftp.c...
compiling udp.c...
compiling webutils.c...
compiling application.c...
compiling debug.c...
compiling KeyScan.c...
compiling modbus_app.c...
compiling NetworkIndicator.c...
compiling usb_application.c...
compiling webInterface.c...
compiling kinetis.c...
..\..\..\Hardware\Kinetis\kinetis.c(328): warning:  #111-D: statement is unreachable
..\..\..\Hardware\Kinetis\kinetis.c(2027): warning:  #177-D: variable "uart_reg" was declared but never referenced
..\..\..\Hardware\Kinetis\kinetis.c(2055): warning:  #177-D: variable "uart_reg" was declared but never referenced
..\..\..\Hardware\Kinetis\kinetis.c(2063): warning:  #177-D: variable "uart_reg" was declared but never referenced
..\..\..\Hardware\Kinetis\kinetis.c(2091): warning:  #177-D: variable "uart_reg" was declared but never referenced
..\..\..\Hardware\Kinetis\kinetis.c(2108): warning:  #177-D: variable "uart_reg" was declared but never referenced
..\..\..\Hardware\Kinetis\kinetis.c(2747): warning:  #550-D: variable "gpio_handlers_B" was set but never used
..\..\..\Hardware\Kinetis\kinetis.c(2748): warning:  #550-D: variable "gpio_handlers_C" was set but never used
..\..\..\Hardware\Kinetis\kinetis.c(2749): warning:  #550-D: variable "gpio_handlers_D" was set but never used
..\..\..\Hardware\Kinetis\kinetis.c(2750): warning:  #550-D: variable "gpio_handlers_E" was set but never used
compiling mass_storage.c...
compiling GLCD.c...
compiling LCD.c...
linking...
uTaskerSerialBoot.axf: error: L6047U: The size of this image (35944 bytes) exceeds the maximum allowed for this version of the linker
Target not created
Build target 'Target 1'
compiling can_drv.c...
compiling Driver.c...
compiling eth_drv.c...
compiling GlobalTimer.c...
compiling iic_drv.c...
compiling low_power.c...
compiling SSC_drv.c...
compiling Tty_drv.c...
compiling uFile.c...
compiling uMalloc.c...
compiling uNetwork.c...
compiling USB_drv.c...
compiling uTasker.c...
compiling Watchdog.c...
compiling arp.c...
compiling dhcp.c...
compiling dns.c...
compiling Ethernet.c...
compiling ftp.c...
compiling http.c...
compiling icmp.c...
compiling ip.c...
compiling ip_utils.c...
compiling NetBIOS.c...
compiling pop3.c...
compiling ppp.c...
compiling smtp.c...
compiling snmp.c...
compiling tcp.c...
compiling telnet.c...
compiling tftp.c...
compiling udp.c...
compiling webutils.c...
compiling application.c...
compiling debug.c...
compiling KeyScan.c...
compiling modbus_app.c...
compiling NetworkIndicator.c...
compiling usb_application.c...
compiling webInterface.c...
compiling kinetis.c...
..\..\..\Hardware\Kinetis\kinetis.c(328): warning:  #111-D: statement is unreachable
..\..\..\Hardware\Kinetis\kinetis.c(2027): warning:  #177-D: variable "uart_reg" was declared but never referenced
..\..\..\Hardware\Kinetis\kinetis.c(2055): warning:  #177-D: variable "uart_reg" was declared but never referenced
..\..\..\Hardware\Kinetis\kinetis.c(2063): warning:  #177-D: variable "uart_reg" was declared but never referenced
..\..\..\Hardware\Kinetis\kinetis.c(2091): warning:  #177-D: variable "uart_reg" was declared but never referenced
..\..\..\Hardware\Kinetis\kinetis.c(2108): warning:  #177-D: variable "uart_reg" was declared but never referenced
..\..\..\Hardware\Kinetis\kinetis.c(2747): warning:  #550-D: variable "gpio_handlers_B" was set but never used
..\..\..\Hardware\Kinetis\kinetis.c(2748): warning:  #550-D: variable "gpio_handlers_C" was set but never used
..\..\..\Hardware\Kinetis\kinetis.c(2749): warning:  #550-D: variable "gpio_handlers_D" was set but never used
..\..\..\Hardware\Kinetis\kinetis.c(2750): warning:  #550-D: variable "gpio_handlers_E" was set but never used
compiling mass_storage.c...
compiling MODBUS.c...
compiling GLCD.c...
compiling LCD.c...
linking...
Program Size: Code=12116 RO-data=19316 RW-data=164 ZI-data=4836  
"uTaskerSerialBoot.axf" - 0 Error(s), 10 Warning(s).
Build target 'Target 1'
linking...
uTaskerSerialBoot.axf: Error: L6320W: Ignoring --entry command. Cannot find argument 'Reset_Handler'.
uTaskerSerialBoot.axf: Warning: L6320W: Ignoring --first command. Cannot find argument '__Vectors'.
Target not created
Build target 'Target 1'
compiling kinetis.c...
..\..\..\Hardware\Kinetis\kinetis.c(328): warning:  #111-D: statement is unreachable
..\..\..\Hardware\Kinetis\kinetis.c(2027): warning:  #177-D: variable "uart_reg" was declared but never referenced
..\..\..\Hardware\Kinetis\kinetis.c(2055): warning:  #177-D: variable "uart_reg" was declared but never referenced
..\..\..\Hardware\Kinetis\kinetis.c(2063): warning:  #177-D: variable "uart_reg" was declared but never referenced
..\..\..\Hardware\Kinetis\kinetis.c(2091): warning:  #177-D: variable "uart_reg" was declared but never referenced
..\..\..\Hardware\Kinetis\kinetis.c(2108): warning:  #177-D: variable "uart_reg" was declared but never referenced
..\..\..\Hardware\Kinetis\kinetis.c(2747): warning:  #550-D: variable "gpio_handlers_B" was set but never used
..\..\..\Hardware\Kinetis\kinetis.c(2748): warning:  #550-D: variable "gpio_handlers_C" was set but never used
..\..\..\Hardware\Kinetis\kinetis.c(2749): warning:  #550-D: variable "gpio_handlers_D" was set but never used
..\..\..\Hardware\Kinetis\kinetis.c(2750): warning:  #550-D: variable "gpio_handlers_E" was set but never used
linking...
uTaskerSerialBoot.axf: Warning: L6320W: Ignoring --first command. Cannot find argument '__Vectors'.
uTaskerSerialBoot.axf: Error: L6204E: Entry point (0x000078b4) does not point to an instruction.
Target not created
Build target 'Target 1'
compiling kinetis.c...
..\..\..\Hardware\Kinetis\kinetis.c(328): warning:  #111-D: statement is unreachable
..\..\..\Hardware\Kinetis\kinetis.c(2027): warning:  #177-D: variable "uart_reg" was declared but never referenced
..\..\..\Hardware\Kinetis\kinetis.c(2055): warning:  #177-D: variable "uart_reg" was declared but never referenced
..\..\..\Hardware\Kinetis\kinetis.c(2063): warning:  #177-D: variable "uart_reg" was declared but never referenced
..\..\..\Hardware\Kinetis\kinetis.c(2091): warning:  #177-D: variable "uart_reg" was declared but never referenced
..\..\..\Hardware\Kinetis\kinetis.c(2108): warning:  #177-D: variable "uart_reg" was declared but never referenced
..\..\..\Hardware\Kinetis\kinetis.c(2747): warning:  #550-D: variable "gpio_handlers_B" was set but never used
..\..\..\Hardware\Kinetis\kinetis.c(2748): warning:  #550-D: variable "gpio_handlers_C" was set but never used
..\..\..\Hardware\Kinetis\kinetis.c(2749): warning:  #550-D: variable "gpio_handlers_D" was set but never used
..\..\..\Hardware\Kinetis\kinetis.c(2750): warning:  #550-D: variable "gpio_handlers_E" was set but never used
linking...
uTaskerSerialBoot.axf: Error: L6204E: Entry point (0x000078c4) does not point to an instruction.
Target not created
Build target 'Target 1'
compiling kinetis.c...
..\..\..\Hardware\Kinetis\kinetis.c(328): warning:  #111-D: statement is unreachable
..\..\..\Hardware\Kinetis\kinetis.c(2027): warning:  #177-D: variable "uart_reg" was declared but never referenced
..\..\..\Hardware\Kinetis\kinetis.c(2055): warning:  #177-D: variable "uart_reg" was declared but never referenced
..\..\..\Hardware\Kinetis\kinetis.c(2063): warning:  #177-D: variable "uart_reg" was declared but never referenced
..\..\..\Hardware\Kinetis\kinetis.c(2091): warning:  #177-D: variable "uart_reg" was declared but never referenced
..\..\..\Hardware\Kinetis\kinetis.c(2108): warning:  #177-D: variable "uart_reg" was declared but never referenced
..\..\..\Hardware\Kinetis\kinetis.c(2747): warning:  #550-D: variable "gpio_handlers_B" was set but never used
..\..\..\Hardware\Kinetis\kinetis.c(2748): warning:  #550-D: variable "gpio_handlers_C" was set but never used
..\..\..\Hardware\Kinetis\kinetis.c(2749): warning:  #550-D: variable "gpio_handlers_D" was set but never used
..\..\..\Hardware\Kinetis\kinetis.c(2750): warning:  #550-D: variable "gpio_handlers_E" was set but never used
linking...
uTaskerSerialBoot.axf: Error: L6320W: Ignoring --entry command. Cannot find argument 'Reset_Handler'.
uTaskerSerialBoot.axf: Warning: L6320W: Ignoring --first command. Cannot find argument '__Vectors'.
Target not created
Build target 'Target 1'
linking...
uTaskerSerialBoot.axf: Warning: L6320W: Ignoring --first command. Cannot find argument '__Vectors'.
Program Size: Code=12096 RO-data=18836 RW-data=164 ZI-data=3808  
"uTaskerSerialBoot.axf" - 0 Error(s), 1 Warning(s).
Build target 'Target 1'
linking...
Program Size: Code=12096 RO-data=18844 RW-data=164 ZI-data=3808  
"uTaskerSerialBoot.axf" - 0 Error(s), 0 Warning(s).
Build target 'Target 1'
linking...
Program Size: Code=12096 RO-data=18844 RW-data=164 ZI-data=3808  
"uTaskerSerialBoot.axf" - 0 Error(s), 0 Warning(s).
Build target 'Target 1'
linking...
Program Size: Code=12096 RO-data=18844 RW-data=164 ZI-data=3808  
"uTaskerSerialBoot.axf" - 0 Error(s), 0 Warning(s).
Build target 'Target 1'
linking...
uTaskerSerialBoot.axf: Warning: L6340W: options first and last are ignored for link type of scattered
uTaskerSerialBoot.sct(7): error: L6235E: More than one section matches selector - cannot all be FIRST/LAST.
"uTaskerSerialBoot.axf" - 1 Error(s), 1 Warning(s).
Build target 'Target 1'
linking...
uTaskerSerialBoot.axf: Warning: L6340W: options first and last are ignored for link type of scattered
uTaskerSerialBoot.sct(7): error: L6235E: More than one section matches selector - cannot all be FIRST/LAST.
"uTaskerSerialBoot.axf" - 1 Error(s), 1 Warning(s).
Build target 'Target 1'
compiling kinetis.c...
..\..\..\Hardware\Kinetis\kinetis.c(328): warning:  #111-D: statement is unreachable
..\..\..\Hardware\Kinetis\kinetis.c(2027): warning:  #177-D: variable "uart_reg" was declared but never referenced
..\..\..\Hardware\Kinetis\kinetis.c(2055): warning:  #177-D: variable "uart_reg" was declared but never referenced
..\..\..\Hardware\Kinetis\kinetis.c(2063): warning:  #177-D: variable "uart_reg" was declared but never referenced
..\..\..\Hardware\Kinetis\kinetis.c(2091): warning:  #177-D: variable "uart_reg" was declared but never referenced
..\..\..\Hardware\Kinetis\kinetis.c(2108): warning:  #177-D: variable "uart_reg" was declared but never referenced
..\..\..\Hardware\Kinetis\kinetis.c(3113): error:  #1209: invalid argument to attribute "section"
..\..\..\Hardware\Kinetis\kinetis.c(2747): warning:  #550-D: variable "gpio_handlers_B" was set but never used
..\..\..\Hardware\Kinetis\kinetis.c(2748): warning:  #550-D: variable "gpio_handlers_C" was set but never used
..\..\..\Hardware\Kinetis\kinetis.c(2749): warning:  #550-D: variable "gpio_handlers_D" was set but never used
..\..\..\Hardware\Kinetis\kinetis.c(2750): warning:  #550-D: variable "gpio_handlers_E" was set but never used
Target not created
Build target 'Target 1'
compiling kinetis.c...
..\..\..\Hardware\Kinetis\kinetis.c(328): warning:  #111-D: statement is unreachable
..\..\..\Hardware\Kinetis\kinetis.c(2027): warning:  #177-D: variable "uart_reg" was declared but never referenced
..\..\..\Hardware\Kinetis\kinetis.c(2055): warning:  #177-D: variable "uart_reg" was declared but never referenced
..\..\..\Hardware\Kinetis\kinetis.c(2063): warning:  #177-D: variable "uart_reg" was declared but never referenced
..\..\..\Hardware\Kinetis\kinetis.c(2091): warning:  #177-D: variable "uart_reg" was declared but never referenced
..\..\..\Hardware\Kinetis\kinetis.c(2108): warning:  #177-D: variable "uart_reg" was declared but never referenced
..\..\..\Hardware\Kinetis\kinetis.c(2747): warning:  #550-D: variable "gpio_handlers_B" was set but never used
..\..\..\Hardware\Kinetis\kinetis.c(2748): warning:  #550-D: variable "gpio_handlers_C" was set but never used
..\..\..\Hardware\Kinetis\kinetis.c(2749): warning:  #550-D: variable "gpio_handlers_D" was set but never used
..\..\..\Hardware\Kinetis\kinetis.c(2750): warning:  #550-D: variable "gpio_handlers_E" was set but never used
linking...
uTaskerSerialBoot.axf: Warning: L6340W: options first and last are ignored for link type of scattered
Program Size: Code=12096 RO-data=18860 RW-data=164 ZI-data=3808  
"uTaskerSerialBoot.axf" - 0 Error(s), 11 Warning(s).
Build target 'Target 1'
linking...
uTaskerSerialBoot.axf: Warning: L6340W: options first and last are ignored for link type of scattered
Program Size: Code=12096 RO-data=18876 RW-data=164 ZI-data=3808  
"uTaskerSerialBoot.axf" - 0 Error(s), 1 Warning(s).
Build target 'Target 1'
compiling can_drv.c...
compiling Driver.c...
compiling eth_drv.c...
compiling GlobalTimer.c...
compiling iic_drv.c...
compiling low_power.c...
compiling SSC_drv.c...
compiling Tty_drv.c...
compiling uFile.c...
compiling uMalloc.c...
compiling uNetwork.c...
compiling USB_drv.c...
compiling uTasker.c...
compiling Watchdog.c...
compiling arp.c...
compiling dhcp.c...
compiling dns.c...
compiling Ethernet.c...
compiling ftp.c...
compiling http.c...
compiling icmp.c...
compiling ip.c...
compiling ip_utils.c...
compiling NetBIOS.c...
compiling pop3.c...
compiling ppp.c...
compiling smtp.c...
compiling snmp.c...
compiling tcp.c...
compiling telnet.c...
compiling tftp.c...
compiling udp.c...
compiling webutils.c...
compiling application.c...
compiling debug.c...
compiling KeyScan.c...
compiling modbus_app.c...
compiling NetworkIndicator.c...
compiling usb_application.c...
compiling webInterface.c...
compiling kinetis.c...
..\..\..\Hardware\Kinetis\kinetis.c(328): warning:  #111-D: statement is unreachable
..\..\..\Hardware\Kinetis\kinetis.c(2027): warning:  #177-D: variable "uart_reg" was declared but never referenced
..\..\..\Hardware\Kinetis\kinetis.c(2055): warning:  #177-D: variable "uart_reg" was declared but never referenced
..\..\..\Hardware\Kinetis\kinetis.c(2063): warning:  #177-D: variable "uart_reg" was declared but never referenced
..\..\..\Hardware\Kinetis\kinetis.c(2091): warning:  #177-D: variable "uart_reg" was declared but never referenced
..\..\..\Hardware\Kinetis\kinetis.c(2108): warning:  #177-D: variable "uart_reg" was declared but never referenced
..\..\..\Hardware\Kinetis\kinetis.c(2747): warning:  #550-D: variable "gpio_handlers_B" was set but never used
..\..\..\Hardware\Kinetis\kinetis.c(2748): warning:  #550-D: variable "gpio_handlers_C" was set but never used
..\..\..\Hardware\Kinetis\kinetis.c(2749): warning:  #550-D: variable "gpio_handlers_D" was set but never used
..\..\..\Hardware\Kinetis\kinetis.c(2750): warning:  #550-D: variable "gpio_handlers_E" was set but never used
compiling mass_storage.c...
compiling MODBUS.c...
compiling GLCD.c...
compiling LCD.c...
linking...
uTaskerSerialBoot.axf: Warning: L6340W: options first and last are ignored for link type of scattered
uTaskerSerialBoot.axf: Error: L6218E: Undefined symbol __initial_sp (referred from entry2.o).
Target not created
Build target 'Target 1'
compiling kinetis.c...
..\..\..\Hardware\Kinetis\kinetis.c(328): warning:  #111-D: statement is unreachable
..\..\..\Hardware\Kinetis\kinetis.c(2027): warning:  #177-D: variable "uart_reg" was declared but never referenced
..\..\..\Hardware\Kinetis\kinetis.c(2055): warning:  #177-D: variable "uart_reg" was declared but never referenced
..\..\..\Hardware\Kinetis\kinetis.c(2063): warning:  #177-D: variable "uart_reg" was declared but never referenced
..\..\..\Hardware\Kinetis\kinetis.c(2091): warning:  #177-D: variable "uart_reg" was declared but never referenced
..\..\..\Hardware\Kinetis\kinetis.c(2108): warning:  #177-D: variable "uart_reg" was declared but never referenced
..\..\..\Hardware\Kinetis\kinetis.c(2747): warning:  #550-D: variable "gpio_handlers_B" was set but never used
..\..\..\Hardware\Kinetis\kinetis.c(2748): warning:  #550-D: variable "gpio_handlers_C" was set but never used
..\..\..\Hardware\Kinetis\kinetis.c(2749): warning:  #550-D: variable "gpio_handlers_D" was set but never used
..\..\..\Hardware\Kinetis\kinetis.c(2750): warning:  #550-D: variable "gpio_handlers_E" was set but never used
linking...
uTaskerSerialBoot.axf: Warning: L6340W: options first and last are ignored for link type of scattered
Program Size: Code=11840 RO-data=18876 RW-data=168 ZI-data=3712  
"uTaskerSerialBoot.axf" - 0 Error(s), 11 Warning(s).
Build target 'Target 1'
compiling kinetis.c...
..\..\..\Hardware\Kinetis\kinetis.c(282): warning:  #223-D: function "SystemInit" declared implicitly
..\..\..\Hardware\Kinetis\kinetis.c(328): warning:  #111-D: statement is unreachable
..\..\..\Hardware\Kinetis\kinetis.c(2027): warning:  #177-D: variable "uart_reg" was declared but never referenced
..\..\..\Hardware\Kinetis\kinetis.c(2055): warning:  #177-D: variable "uart_reg" was declared but never referenced
..\..\..\Hardware\Kinetis\kinetis.c(2063): warning:  #177-D: variable "uart_reg" was declared but never referenced
..\..\..\Hardware\Kinetis\kinetis.c(2091): warning:  #177-D: variable "uart_reg" was declared but never referenced
..\..\..\Hardware\Kinetis\kinetis.c(2108): warning:  #177-D: variable "uart_reg" was declared but never referenced
..\..\..\Hardware\Kinetis\kinetis.c(2747): warning:  #550-D: variable "gpio_handlers_B" was set but never used
..\..\..\Hardware\Kinetis\kinetis.c(2748): warning:  #550-D: variable "gpio_handlers_C" was set but never used
..\..\..\Hardware\Kinetis\kinetis.c(2749): warning:  #550-D: variable "gpio_handlers_D" was set but never used
..\..\..\Hardware\Kinetis\kinetis.c(2750): warning:  #550-D: variable "gpio_handlers_E" was set but never used
linking...
uTaskerSerialBoot.axf: Warning: L6340W: options first and last are ignored for link type of scattered
uTaskerSerialBoot.axf: Error: L6218E: Undefined symbol SystemInit (referred from kinetis.o).
Target not created
Build target 'Target 1'
compiling kinetis.c...
..\..\..\Hardware\Kinetis\kinetis.c(328): warning:  #111-D: statement is unreachable
..\..\..\Hardware\Kinetis\kinetis.c(2027): warning:  #177-D: variable "uart_reg" was declared but never referenced
..\..\..\Hardware\Kinetis\kinetis.c(2055): warning:  #177-D: variable "uart_reg" was declared but never referenced
..\..\..\Hardware\Kinetis\kinetis.c(2063): warning:  #177-D: variable "uart_reg" was declared but never referenced
..\..\..\Hardware\Kinetis\kinetis.c(2091): warning:  #177-D: variable "uart_reg" was declared but never referenced
..\..\..\Hardware\Kinetis\kinetis.c(2108): warning:  #177-D: variable "uart_reg" was declared but never referenced
..\..\..\Hardware\Kinetis\kinetis.c(2747): warning:  #550-D: variable "gpio_handlers_B" was set but never used
..\..\..\Hardware\Kinetis\kinetis.c(2748): warning:  #550-D: variable "gpio_handlers_C" was set but never used
..\..\..\Hardware\Kinetis\kinetis.c(2749): warning:  #550-D: variable "gpio_handlers_D" was set but never used
..\..\..\Hardware\Kinetis\kinetis.c(2750): warning:  #550-D: variable "gpio_handlers_E" was set but never used
linking...
uTaskerSerialBoot.axf: Warning: L6340W: options first and last are ignored for link type of scattered
Program Size: Code=11840 RO-data=18876 RW-data=168 ZI-data=3712  
"uTaskerSerialBoot.axf" - 0 Error(s), 11 Warning(s).
Build target 'Target 1'
compiling can_drv.c...
compiling Driver.c...
compiling eth_drv.c...
compiling GlobalTimer.c...
compiling iic_drv.c...
compiling low_power.c...
compiling SSC_drv.c...
compiling Tty_drv.c...
compiling uFile.c...
compiling uMalloc.c...
compiling uNetwork.c...
compiling USB_drv.c...
compiling uTasker.c...
compiling Watchdog.c...
compiling arp.c...
compiling dhcp.c...
compiling dns.c...
compiling Ethernet.c...
compiling ftp.c...
compiling http.c...
compiling icmp.c...
compiling ip.c...
compiling ip_utils.c...
compiling NetBIOS.c...
compiling pop3.c...
compiling ppp.c...
compiling smtp.c...
compiling snmp.c...
compiling tcp.c...
compiling telnet.c...
compiling tftp.c...
compiling udp.c...
compiling webutils.c...
compiling application.c...
compiling debug.c...
compiling KeyScan.c...
compiling modbus_app.c...
compiling NetworkIndicator.c...
compiling usb_application.c...
compiling webInterface.c...
compiling kinetis.c...
..\..\..\Hardware\Kinetis\kinetis.c(328): warning:  #111-D: statement is unreachable
..\..\..\Hardware\Kinetis\kinetis.c(2027): warning:  #177-D: variable "uart_reg" was declared but never referenced
..\..\..\Hardware\Kinetis\kinetis.c(2055): warning:  #177-D: variable "uart_reg" was declared but never referenced
..\..\..\Hardware\Kinetis\kinetis.c(2063): warning:  #177-D: variable "uart_reg" was declared but never referenced
..\..\..\Hardware\Kinetis\kinetis.c(2091): warning:  #177-D: variable "uart_reg" was declared but never referenced
..\..\..\Hardware\Kinetis\kinetis.c(2108): warning:  #177-D: variable "uart_reg" was declared but never referenced
..\..\..\Hardware\Kinetis\kinetis.c(2747): warning:  #550-D: variable "gpio_handlers_B" was set but never used
..\..\..\Hardware\Kinetis\kinetis.c(2748): warning:  #550-D: variable "gpio_handlers_C" was set but never used
..\..\..\Hardware\Kinetis\kinetis.c(2749): warning:  #550-D: variable "gpio_handlers_D" was set but never used
..\..\..\Hardware\Kinetis\kinetis.c(2750): warning:  #550-D: variable "gpio_handlers_E" was set but never used
compiling mass_storage.c...
compiling MODBUS.c...
compiling GLCD.c...
compiling LCD.c...
linking...
.\Objects\uTaskerSerialBoot.axf: Warning: L6340W: options first and last are ignored for link type of scattered
Program Size: Code=11840 RO-data=18876 RW-data=168 ZI-data=3712  
".\Objects\uTaskerSerialBoot.axf" - 0 Error(s), 11 Warning(s).
Build target 'Target 1'
compiling kinetis.c...
..\..\..\Hardware\Kinetis\kinetis.c(282): warning:  #223-D: function "init" declared implicitly
..\..\..\Hardware\Kinetis\kinetis.c(328): warning:  #111-D: statement is unreachable
..\..\..\Hardware\Kinetis\kinetis.c(2027): warning:  #177-D: variable "uart_reg" was declared but never referenced
..\..\..\Hardware\Kinetis\kinetis.c(2055): warning:  #177-D: variable "uart_reg" was declared but never referenced
..\..\..\Hardware\Kinetis\kinetis.c(2063): warning:  #177-D: variable "uart_reg" was declared but never referenced
..\..\..\Hardware\Kinetis\kinetis.c(2091): warning:  #177-D: variable "uart_reg" was declared but never referenced
..\..\..\Hardware\Kinetis\kinetis.c(2108): warning:  #177-D: variable "uart_reg" was declared but never referenced
..\..\..\Hardware\Kinetis\kinetis.c(2747): warning:  #550-D: variable "gpio_handlers_B" was set but never used
..\..\..\Hardware\Kinetis\kinetis.c(2748): warning:  #550-D: variable "gpio_handlers_C" was set but never used
..\..\..\Hardware\Kinetis\kinetis.c(2749): warning:  #550-D: variable "gpio_handlers_D" was set but never used
..\..\..\Hardware\Kinetis\kinetis.c(2750): warning:  #550-D: variable "gpio_handlers_E" was set but never used
linking...
.\Objects\uTaskerSerialBoot.axf: Warning: L6340W: options first and last are ignored for link type of scattered
.\Objects\uTaskerSerialBoot.axf: Error: L6218E: Undefined symbol init (referred from kinetis.o).
Target not created
Build target 'Target 1'
compiling kinetis.c...
..\..\..\Hardware\Kinetis\kinetis.c(282): warning:  #223-D: function "entry" declared implicitly
..\..\..\Hardware\Kinetis\kinetis.c(328): warning:  #111-D: statement is unreachable
..\..\..\Hardware\Kinetis\kinetis.c(2027): warning:  #177-D: variable "uart_reg" was declared but never referenced
..\..\..\Hardware\Kinetis\kinetis.c(2055): warning:  #177-D: variable "uart_reg" was declared but never referenced
..\..\..\Hardware\Kinetis\kinetis.c(2063): warning:  #177-D: variable "uart_reg" was declared but never referenced
..\..\..\Hardware\Kinetis\kinetis.c(2091): warning:  #177-D: variable "uart_reg" was declared but never referenced
..\..\..\Hardware\Kinetis\kinetis.c(2108): warning:  #177-D: variable "uart_reg" was declared but never referenced
..\..\..\Hardware\Kinetis\kinetis.c(2747): warning:  #550-D: variable "gpio_handlers_B" was set but never used
..\..\..\Hardware\Kinetis\kinetis.c(2748): warning:  #550-D: variable "gpio_handlers_C" was set but never used
..\..\..\Hardware\Kinetis\kinetis.c(2749): warning:  #550-D: variable "gpio_handlers_D" was set but never used
..\..\..\Hardware\Kinetis\kinetis.c(2750): warning:  #550-D: variable "gpio_handlers_E" was set but never used
linking...
.\Objects\uTaskerSerialBoot.axf: Warning: L6340W: options first and last are ignored for link type of scattered
.\Objects\uTaskerSerialBoot.axf: Error: L6218E: Undefined symbol entry (referred from kinetis.o).
Target not created
Build target 'Target 1'
compiling kinetis.c...
..\..\..\Hardware\Kinetis\kinetis.c(282): warning:  #223-D: function "main_init" declared implicitly
..\..\..\Hardware\Kinetis\kinetis.c(328): warning:  #111-D: statement is unreachable
..\..\..\Hardware\Kinetis\kinetis.c(2027): warning:  #177-D: variable "uart_reg" was declared but never referenced
..\..\..\Hardware\Kinetis\kinetis.c(2055): warning:  #177-D: variable "uart_reg" was declared but never referenced
..\..\..\Hardware\Kinetis\kinetis.c(2063): warning:  #177-D: variable "uart_reg" was declared but never referenced
..\..\..\Hardware\Kinetis\kinetis.c(2091): warning:  #177-D: variable "uart_reg" was declared but never referenced
..\..\..\Hardware\Kinetis\kinetis.c(2108): warning:  #177-D: variable "uart_reg" was declared but never referenced
..\..\..\Hardware\Kinetis\kinetis.c(2747): warning:  #550-D: variable "gpio_handlers_B" was set but never used
..\..\..\Hardware\Kinetis\kinetis.c(2748): warning:  #550-D: variable "gpio_handlers_C" was set but never used
..\..\..\Hardware\Kinetis\kinetis.c(2749): warning:  #550-D: variable "gpio_handlers_D" was set but never used
..\..\..\Hardware\Kinetis\kinetis.c(2750): warning:  #550-D: variable "gpio_handlers_E" was set but never used
linking...
.\Objects\uTaskerSerialBoot.axf: Warning: L6340W: options first and last are ignored for link type of scattered
.\Objects\uTaskerSerialBoot.axf: Error: L6218E: Undefined symbol main_init (referred from kinetis.o).
Target not created
Build target 'Target 1'
compiling kinetis.c...
..\..\..\Hardware\Kinetis\kinetis.c(282): warning:  #223-D: function "_main_init" declared implicitly
..\..\..\Hardware\Kinetis\kinetis.c(328): warning:  #111-D: statement is unreachable
..\..\..\Hardware\Kinetis\kinetis.c(2027): warning:  #177-D: variable "uart_reg" was declared but never referenced
..\..\..\Hardware\Kinetis\kinetis.c(2055): warning:  #177-D: variable "uart_reg" was declared but never referenced
..\..\..\Hardware\Kinetis\kinetis.c(2063): warning:  #177-D: variable "uart_reg" was declared but never referenced
..\..\..\Hardware\Kinetis\kinetis.c(2091): warning:  #177-D: variable "uart_reg" was declared but never referenced
..\..\..\Hardware\Kinetis\kinetis.c(2108): warning:  #177-D: variable "uart_reg" was declared but never referenced
..\..\..\Hardware\Kinetis\kinetis.c(2747): warning:  #550-D: variable "gpio_handlers_B" was set but never used
..\..\..\Hardware\Kinetis\kinetis.c(2748): warning:  #550-D: variable "gpio_handlers_C" was set but never used
..\..\..\Hardware\Kinetis\kinetis.c(2749): warning:  #550-D: variable "gpio_handlers_D" was set but never used
..\..\..\Hardware\Kinetis\kinetis.c(2750): warning:  #550-D: variable "gpio_handlers_E" was set but never used
linking...
.\Objects\uTaskerSerialBoot.axf: Warning: L6340W: options first and last are ignored for link type of scattered
Program Size: Code=11840 RO-data=18876 RW-data=168 ZI-data=3712  
".\Objects\uTaskerSerialBoot.axf" - 0 Error(s), 12 Warning(s).
Build target 'Target 1'
compiling kinetis.c...
..\..\..\Hardware\Kinetis\kinetis.c(328): warning:  #111-D: statement is unreachable
..\..\..\Hardware\Kinetis\kinetis.c(2027): warning:  #177-D: variable "uart_reg" was declared but never referenced
..\..\..\Hardware\Kinetis\kinetis.c(2055): warning:  #177-D: variable "uart_reg" was declared but never referenced
..\..\..\Hardware\Kinetis\kinetis.c(2063): warning:  #177-D: variable "uart_reg" was declared but never referenced
..\..\..\Hardware\Kinetis\kinetis.c(2091): warning:  #177-D: variable "uart_reg" was declared but never referenced
..\..\..\Hardware\Kinetis\kinetis.c(2108): warning:  #177-D: variable "uart_reg" was declared but never referenced
..\..\..\Hardware\Kinetis\kinetis.c(2747): warning:  #550-D: variable "gpio_handlers_B" was set but never used
..\..\..\Hardware\Kinetis\kinetis.c(2748): warning:  #550-D: variable "gpio_handlers_C" was set but never used
..\..\..\Hardware\Kinetis\kinetis.c(2749): warning:  #550-D: variable "gpio_handlers_D" was set but never used
..\..\..\Hardware\Kinetis\kinetis.c(2750): warning:  #550-D: variable "gpio_handlers_E" was set but never used
linking...
.\Objects\uTaskerSerialBoot.axf: Warning: L6340W: options first and last are ignored for link type of scattered
Program Size: Code=11840 RO-data=18876 RW-data=168 ZI-data=3712  
".\Objects\uTaskerSerialBoot.axf" - 0 Error(s), 11 Warning(s).
Build target 'Target 1'
linking...
.\Objects\uTaskerSerialBoot.axf: Warning: L6340W: options first and last are ignored for link type of scattered
uTaskerSerialBoot.sct(21): warning: L6329W: Pattern *.o(F_INIT) only matches removed unused sections.
Program Size: Code=11840 RO-data=18860 RW-data=168 ZI-data=3712  
".\Objects\uTaskerSerialBoot.axf" - 0 Error(s), 2 Warning(s).
